  dllmain.cpp
  HIDDevice.cpp
C:\Program Files (x86)\Microsoft Visual Studio\2019\Community\VC\Tools\MSVC\14.29.30133\include\xstring(2575,23): warning C4244: “参数”: 从“wchar_t”转换到“const _Elem”，可能丢失数据
          with
          [
              _Elem=char
          ]
C:\Program Files (x86)\Microsoft Visual Studio\2019\Community\VC\Tools\MSVC\14.29.30133\include\xstring(2586): message : 查看对正在编译的函数 模板 实例化“void std::basic_string<char,std::char_traits<char>,std::allocator<char>>::_Construct<wchar_t*>(_Iter,const _Iter,std::input_iterator_tag)”的引用
          with
          [
              _Iter=wchar_t *
          ]
C:\Program Files (x86)\Microsoft Visual Studio\2019\Community\VC\Tools\MSVC\14.29.30133\include\xstring(2586): message : 查看对正在编译的函数 模板 实例化“void std::basic_string<char,std::char_traits<char>,std::allocator<char>>::_Construct<wchar_t*>(_Iter,const _Iter,std::input_iterator_tag)”的引用
          with
          [
              _Iter=wchar_t *
          ]
C:\Program Files (x86)\Microsoft Visual Studio\2019\Community\VC\Tools\MSVC\14.29.30133\include\xstring(2566): message : 查看对正在编译的函数 模板 实例化“void std::basic_string<char,std::char_traits<char>,std::allocator<char>>::_Construct<wchar_t*>(const _Iter,const _Iter,std::forward_iterator_tag)”的引用
          with
          [
              _Iter=wchar_t *
          ]
C:\Program Files (x86)\Microsoft Visual Studio\2019\Community\VC\Tools\MSVC\14.29.30133\include\xstring(2566): message : 查看对正在编译的函数 模板 实例化“void std::basic_string<char,std::char_traits<char>,std::allocator<char>>::_Construct<wchar_t*>(const _Iter,const _Iter,std::forward_iterator_tag)”的引用
          with
          [
              _Iter=wchar_t *
          ]
D:\Documents\GitHub\TabletDriverDll\vTabletDriverDll\HIDDevice.cpp(207): message : 查看对正在编译的函数 模板 实例化“std::basic_string<char,std::char_traits<char>,std::allocator<char>>::basic_string<std::_String_iterator<std::_String_val<std::_Simple_types<_Elem>>>,0>(_Iter,_Iter,const _Alloc &)”的引用
          with
          [
              _Elem=wchar_t,
              _Iter=std::_String_iterator<std::_String_val<std::_Simple_types<wchar_t>>>,
              _Alloc=std::allocator<char>
          ]
D:\Documents\GitHub\TabletDriverDll\vTabletDriverDll\HIDDevice.cpp(207): message : 查看对正在编译的函数 模板 实例化“std::basic_string<char,std::char_traits<char>,std::allocator<char>>::basic_string<std::_String_iterator<std::_String_val<std::_Simple_types<_Elem>>>,0>(_Iter,_Iter,const _Alloc &)”的引用
          with
          [
              _Elem=wchar_t,
              _Iter=std::_String_iterator<std::_String_val<std::_Simple_types<wchar_t>>>,
              _Alloc=std::allocator<char>
          ]
  Logger.cpp
D:\Documents\GitHub\TabletDriverDll\vTabletDriverDll\Logger.cpp(21,90): warning C4267: “+=”: 从“size_t”转换到“int”，可能丢失数据
D:\Documents\GitHub\TabletDriverDll\vTabletDriverDll\Logger.cpp(52,33): warning C4267: “+=”: 从“size_t”转换到“int”，可能丢失数据
  OutputVMultiDigitizer.cpp
  pch.cpp
  Runnable.cpp
  Vector2D.cpp
  VMulti.cpp
  vTabletDriverDll.cpp
D:\Documents\GitHub\TabletDriverDll\vTabletDriverDll\vTabletDriverDll.h(7,1): warning C4005: “DLLEXPORT”: 宏重定义
D:\Documents\GitHub\TabletDriverDll\vTabletDriverDll\vTabletDriverDll.h(2): message : 参见“DLLEXPORT”的前一个定义
    正在创建库 D:\Documents\GitHub\TabletDriverDll\dist\x64\Release\vTabletDriverDll.lib 和对象 D:\Documents\GitHub\TabletDriverDll\dist\x64\Release\vTabletDriverDll.exp
  正在生成代码
  Previous IPDB not found, fall back to full compilation.
  All 414 functions were compiled because no usable IPDB/IOBJ from previous compilation was found.
  已完成代码的生成
  vTabletDriverDll.vcxproj -> D:\Documents\GitHub\TabletDriverDll\dist\x64\Release\vTabletDriverDll.dll
