d:\documents\github\tabletdriverdll\vtabletdriverdll\x64\release\vc142.pdb
d:\documents\github\tabletdriverdll\vtabletdriverdll\x64\release\vtabletdriverdll.obj
d:\documents\github\tabletdriverdll\vtabletdriverdll\x64\release\vmulti.obj
d:\documents\github\tabletdriverdll\vtabletdriverdll\x64\release\vector2d.obj
d:\documents\github\tabletdriverdll\vtabletdriverdll\x64\release\runnable.obj
d:\documents\github\tabletdriverdll\vtabletdriverdll\x64\release\pch.obj
d:\documents\github\tabletdriverdll\vtabletdriverdll\x64\release\outputvmultidigitizer.obj
d:\documents\github\tabletdriverdll\vtabletdriverdll\x64\release\logger.obj
d:\documents\github\tabletdriverdll\vtabletdriverdll\x64\release\hiddevice.obj
d:\documents\github\tabletdriverdll\vtabletdriverdll\x64\release\dllmain.obj
d:\documents\github\tabletdriverdll\x64\release\vtabletdriverdll.dll
d:\documents\github\tabletdriverdll\vtabletdriverdll\x64\release\vtabletdriverdll.ipdb
d:\documents\github\tabletdriverdll\vtabletdriverdll\x64\release\vtabletdriverdll.iobj
d:\documents\github\tabletdriverdll\x64\release\vtabletdriverdll.pdb
d:\documents\github\tabletdriverdll\x64\release\vtabletdriverdll.lib
d:\documents\github\tabletdriverdll\x64\release\vtabletdriverdll.exp
d:\documents\github\tabletdriverdll\vtabletdriverdll\x64\release\vtabletdriverdll.tlog\cl.command.1.tlog
d:\documents\github\tabletdriverdll\vtabletdriverdll\x64\release\vtabletdriverdll.tlog\cl.read.1.tlog
d:\documents\github\tabletdriverdll\vtabletdriverdll\x64\release\vtabletdriverdll.tlog\cl.write.1.tlog
d:\documents\github\tabletdriverdll\vtabletdriverdll\x64\release\vtabletdriverdll.tlog\link.command.1.tlog
d:\documents\github\tabletdriverdll\vtabletdriverdll\x64\release\vtabletdriverdll.tlog\link.read.1.tlog
d:\documents\github\tabletdriverdll\vtabletdriverdll\x64\release\vtabletdriverdll.tlog\link.write.1.tlog
d:\documents\github\tabletdriverdll\vtabletdriverdll\x64\release\vtabletdriverdll.tlog\vtabletdriverdll.write.1u.tlog
