c:\users\teages\source\repos\vtabletdriver\vtabletdriver\debug\vc142.pdb
c:\users\teages\source\repos\vtabletdriver\vtabletdriver\debug\vc142.idb
c:\users\teages\source\repos\vtabletdriver\vtabletdriver\debug\vtabletdriver.obj
c:\users\teages\source\repos\vtabletdriver\vtabletdriver\debug\vmulti.obj
c:\users\teages\source\repos\vtabletdriver\vtabletdriver\debug\vector2d.obj
c:\users\teages\source\repos\vtabletdriver\vtabletdriver\debug\runnable.obj
c:\users\teages\source\repos\vtabletdriver\vtabletdriver\debug\outputvmultidigitizer.obj
c:\users\teages\source\repos\vtabletdriver\vtabletdriver\debug\logger.obj
c:\users\teages\source\repos\vtabletdriver\vtabletdriver\debug\hiddevice.obj
c:\users\teages\source\repos\vtabletdriver\debug\vtabletdriver.pdb
c:\users\teages\source\repos\vtabletdriver\vtabletdriver\debug\vtabletdriver.tlog\cl.command.1.tlog
c:\users\teages\source\repos\vtabletdriver\vtabletdriver\debug\vtabletdriver.tlog\cl.read.1.tlog
c:\users\teages\source\repos\vtabletdriver\vtabletdriver\debug\vtabletdriver.tlog\cl.write.1.tlog
c:\users\teages\source\repos\vtabletdriver\vtabletdriver\debug\vtabletdriver.tlog\link-cvtres.read.1.tlog
c:\users\teages\source\repos\vtabletdriver\vtabletdriver\debug\vtabletdriver.tlog\link-cvtres.write.1.tlog
c:\users\teages\source\repos\vtabletdriver\vtabletdriver\debug\vtabletdriver.tlog\link-rc.read.1.tlog
c:\users\teages\source\repos\vtabletdriver\vtabletdriver\debug\vtabletdriver.tlog\link-rc.write.1.tlog
c:\users\teages\source\repos\vtabletdriver\vtabletdriver\debug\vtabletdriver.tlog\link.command.1.tlog
c:\users\teages\source\repos\vtabletdriver\vtabletdriver\debug\vtabletdriver.tlog\link.read.1.tlog
c:\users\teages\source\repos\vtabletdriver\vtabletdriver\debug\vtabletdriver.tlog\link.write.1.tlog
